<?xml version="1.0" encoding="UTF-8"?>
<robot generator="Robot 5.0.1 (Python 3.10.4 on win32)" generated="20220606 12:27:00.990" rpa="false" schemaversion="3">
<suite id="s1" name="Pageobject" source="C:\Users\SimoneConigliaro\PycharmProjects\Example\tests\pageobject.robot">
<test id="s1-t1" name="Verify Successful Login to OrangeHRM" line="13">
<kw name="Opening Browser" library="Common">
<arg>${site_url}</arg>
<arg>${browser}</arg>
<kw name="Open Browser" library="SeleniumLibrary">
<arg>${site_url}</arg>
<arg>${browser}</arg>
<doc>Opens a new browser instance to the optional ``url``.</doc>
<msg timestamp="20220606 12:27:01.403" level="INFO">Opening browser 'Chrome' to base url 'https://opensource-demo.orangehrmlive.com/'.</msg>
<status status="PASS" starttime="20220606 12:27:01.403" endtime="20220606 12:27:09.280"/>
</kw>
<kw name="Wait Until Element Is Visible" library="SeleniumLibrary">
<arg>${LoginUsernameInputBox}</arg>
<arg>timeout=5</arg>
<doc>Waits until the element ``locator`` is visible.</doc>
<status status="PASS" starttime="20220606 12:27:09.280" endtime="20220606 12:27:09.333"/>
</kw>
<status status="PASS" starttime="20220606 12:27:01.403" endtime="20220606 12:27:09.333"/>
</kw>
<kw name="Input Username" library="LoginPage">
<kw name="Input Text" library="SeleniumLibrary">
<arg>${LoginUsernameInputBox}</arg>
<arg>${Username}</arg>
<doc>Types the given ``text`` into the text field identified by ``locator``.</doc>
<msg timestamp="20220606 12:27:09.337" level="INFO">Typing text 'Admin' into text field 'id:txtUsername'.</msg>
<status status="PASS" starttime="20220606 12:27:09.336" endtime="20220606 12:27:09.447"/>
</kw>
<status status="PASS" starttime="20220606 12:27:09.336" endtime="20220606 12:27:09.448"/>
</kw>
<kw name="Input Password" library="LoginPage">
<kw name="Input Text" library="SeleniumLibrary">
<arg>${LoginPasswordInputBox}</arg>
<arg>${Password}</arg>
<doc>Types the given ``text`` into the text field identified by ``locator``.</doc>
<msg timestamp="20220606 12:27:09.454" level="INFO">Typing text 'admin123' into text field 'id:txtPassword'.</msg>
<status status="PASS" starttime="20220606 12:27:09.453" endtime="20220606 12:27:09.609"/>
</kw>
<status status="PASS" starttime="20220606 12:27:09.451" endtime="20220606 12:27:09.609"/>
</kw>
<kw name="CLick Login" library="LoginPage">
<kw name="Click Element" library="SeleniumLibrary">
<arg>${LoginButton}</arg>
<doc>Click the element identified by ``locator``.</doc>
<msg timestamp="20220606 12:27:09.612" level="INFO">Clicking element 'id:btnLogin'.</msg>
<status status="PASS" starttime="20220606 12:27:09.612" endtime="20220606 12:27:12.286"/>
</kw>
<status status="PASS" starttime="20220606 12:27:09.611" endtime="20220606 12:27:12.286"/>
</kw>
<kw name="Verify Welcome Text is Visible" library="HomePage">
<kw name="Element Should Be Visible" library="SeleniumLibrary">
<arg>${WelcomeText}</arg>
<arg>timeout=5</arg>
<doc>Verifies that the element identified by ``locator`` is visible.</doc>
<msg timestamp="20220606 12:27:12.312" level="INFO">Element 'id:welcome' is displayed.</msg>
<status status="PASS" starttime="20220606 12:27:12.287" endtime="20220606 12:27:12.312"/>
</kw>
<status status="PASS" starttime="20220606 12:27:12.286" endtime="20220606 12:27:12.312"/>
</kw>
<kw name="Logout" library="HomePage">
<kw name="Click Element" library="SeleniumLibrary">
<arg>${WelcomeText}</arg>
<doc>Click the element identified by ``locator``.</doc>
<msg timestamp="20220606 12:27:12.313" level="INFO">Clicking element 'id:welcome'.</msg>
<status status="PASS" starttime="20220606 12:27:12.313" endtime="20220606 12:27:12.373"/>
</kw>
<kw name="Wait Until Element Is Visible" library="SeleniumLibrary">
<arg>${LogoutButton}</arg>
<arg>timeout=5</arg>
<doc>Waits until the element ``locator`` is visible.</doc>
<status status="PASS" starttime="20220606 12:27:12.373" endtime="20220606 12:27:12.670"/>
</kw>
<kw name="Click Element" library="SeleniumLibrary">
<arg>${LogoutButton}</arg>
<doc>Click the element identified by ``locator``.</doc>
<msg timestamp="20220606 12:27:12.671" level="INFO">Clicking element 'css:[href="/index.php/auth/logout"]'.</msg>
<status status="PASS" starttime="20220606 12:27:12.670" endtime="20220606 12:27:13.090"/>
</kw>
<kw name="Wait Until Element Is Visible" library="SeleniumLibrary">
<arg>${LoginUsernameInputBox}</arg>
<arg>timeout=5</arg>
<doc>Waits until the element ``locator`` is visible.</doc>
<status status="PASS" starttime="20220606 12:27:13.091" endtime="20220606 12:27:13.141"/>
</kw>
<status status="PASS" starttime="20220606 12:27:12.313" endtime="20220606 12:27:13.141"/>
</kw>
<kw name="Close Browser" library="SeleniumLibrary">
<doc>Closes the current browser.</doc>
<status status="PASS" starttime="20220606 12:27:13.142" endtime="20220606 12:27:15.394"/>
</kw>
<doc>This test case verifies that the user is able to successfully Login and Logout to OrangeHRM using Page Object</doc>
<tag>Smoke</tag>
<status status="PASS" starttime="20220606 12:27:01.401" endtime="20220606 12:27:15.395"/>
</test>
<doc>Page Object in Robot Framework</doc>
<status status="PASS" starttime="20220606 12:27:00.992" endtime="20220606 12:27:15.397"/>
</suite>
<statistics>
<total>
<stat pass="1" fail="0" skip="0">All Tests</stat>
</total>
<tag>
<stat pass="1" fail="0" skip="0">Smoke</stat>
</tag>
<suite>
<stat pass="1" fail="0" skip="0" id="s1" name="Pageobject">Pageobject</stat>
</suite>
</statistics>
<errors>
</errors>
</robot>
